{
"contracts\\contract_starter.sol":{"l":{"66":2,"67":2,"69":2,"72":2,"73":1,"74":1,"75":1,"76":1,"80":1,"81":1,"82":1,"83":0,"84":0,"85":0,"88":1,"89":1,"90":1,"91":1,"96":0,"97":0,"99":0,"100":0,"101":0,"103":0,"104":0,"106":0,"107":0,"108":0,"109":0,"111":0,"112":0,"113":0,"114":0,"116":0,"117":0,"119":0,"120":0,"122":0,"128":0,"130":0,"132":0,"133":0,"134":0,"136":0,"137":0,"138":0,"149":0,"150":0,"152":0,"153":0,"156":0,"157":0,"159":0,"162":0,"163":0,"164":0,"165":0,"166":0,"168":0,"172":0,"173":0,"174":0,"175":0,"176":0,"178":0,"180":0,"188":0,"189":0,"191":0,"193":0,"194":0,"195":0,"197":0,"198":0,"199":0,"202":0,"204":0,"205":0,"206":0,"213":0,"214":0,"216":0,"217":0,"218":0,"220":0,"222":0,"223":0,"233":0,"234":0,"236":0,"237":0,"238":0,"240":0,"241":0,"243":0,"245":0,"246":0,"248":0,"249":0,"250":0,"256":1,"258":1,"259":1,"260":1,"261":1,"262":1,"269":0,"271":0,"272":0,"273":0,"274":0,"276":0,"277":0,"278":0,"281":0,"282":0,"283":0,"290":0,"291":0,"293":0,"294":0,"295":0,"297":0,"298":0,"300":0,"302":0,"303":0,"310":2,"311":1,"317":0,"318":0,"322":0,"323":0,"327":0,"328":0,"329":0,"333":0,"337":0,"338":0,"339":0,"343":0,"345":0,"346":0,"347":0,"348":0,"352":1,"353":1,"354":0,"355":0,"359":1,"360":1,"361":1,"362":1,"363":1,"365":0,"366":0,"367":0,"368":0,"369":0,"374":0,"375":0,"376":0,"377":0,"378":0,"380":0,"381":0,"382":0,"383":0,"384":0,"389":3,"390":1,"391":0,"395":0,"396":0,"400":0,"410":0,"411":0,"413":0,"414":0,"416":0,"419":0,"421":0,"423":0,"425":0,"426":0,"427":0,"428":0,"429":0,"430":0,"432":0,"433":0,"436":0},"path":"C:\\Users\\Dzinak\\Documents\\FIIT\\6. Semester\\DMBLOCK\\Zadania\\Zadanie 2\\src\\contracts\\contract_starter.sol","s":{"1":2,"2":2,"3":2,"4":0,"5":2,"6":1,"7":1,"8":1,"9":1,"10":1,"11":0,"12":1,"13":0,"14":1,"15":0,"16":0,"17":0,"18":1,"19":1,"20":1,"21":1,"22":0,"23":0,"24":0,"25":0,"26":0,"27":0,"28":0,"29":0,"30":0,"31":0,"32":0,"33":0,"34":0,"35":0,"36":0,"37":0,"38":0,"39":0,"40":0,"41":0,"42":0,"43":0,"44":0,"45":0,"46":0,"47":0,"48":0,"49":0,"50":0,"51":0,"52":0,"53":0,"54":0,"55":0,"56":0,"57":0,"58":0,"59":0,"60":0,"61":0,"62":0,"63":0,"64":0,"65":0,"66":0,"67":0,"68":0,"69":0,"70":0,"71":0,"72":0,"73":0,"74":0,"75":0,"76":0,"77":0,"78":0,"79":0,"80":0,"81":0,"82":0,"83":0,"84":0,"85":0,"86":0,"87":0,"88":0,"89":0,"90":0,"91":0,"92":0,"93":0,"94":0,"95":0,"96":0,"97":0,"98":0,"99":0,"100":0,"101":0,"102":0,"103":0,"104":0,"105":0,"106":0,"107":0,"108":0,"109":0,"110":0,"111":0,"112":0,"113":0,"114":0,"115":0,"116":0,"117":0,"118":0,"119":0,"120":0,"121":0,"122":0,"123":0,"124":0,"125":0,"126":0,"127":1,"128":1,"129":0,"130":1,"131":0,"132":1,"133":0,"134":1,"135":1,"136":0,"137":0,"138":0,"139":0,"140":0,"141":0,"142":0,"143":0,"144":0,"145":0,"146":0,"147":0,"148":0,"149":0,"150":0,"151":0,"152":0,"153":0,"154":0,"155":0,"156":0,"157":0,"158":0,"159":0,"160":0,"161":0,"162":0,"163":0,"164":0,"165":0,"166":0,"167":0,"168":0,"169":0,"170":2,"171":1,"172":1,"173":0,"174":0,"175":0,"176":0,"177":0,"178":0,"179":0,"180":0,"181":0,"182":0,"183":0,"184":0,"185":0,"186":0,"187":0,"188":0,"189":0,"190":0,"191":0,"192":0,"193":0,"194":0,"195":0,"196":0,"197":0,"198":0,"199":1,"200":0,"201":1,"202":1,"203":0,"204":0,"205":0,"206":1,"207":1,"208":1,"209":1,"210":1,"211":0,"212":0,"213":0,"214":0,"215":0,"216":0,"217":0,"218":0,"219":0,"220":0,"221":0,"222":0,"223":0,"224":0,"225":0,"226":3,"227":2,"228":1,"229":1,"230":0,"231":0,"232":0,"233":0,"234":0,"235":0,"236":0,"237":0,"238":0,"239":0,"240":0,"241":0,"242":0,"243":0,"244":0,"245":0,"246":0},"b":{"1":[0,2],"2":[1,1],"3":[0,1],"4":[0,1],"5":[0,1],"6":[0,0],"7":[0,0],"8":[0,0],"9":[0,0],"10":[0,0],"11":[0,0],"12":[0,0],"13":[0,0],"14":[0,0],"15":[0,0],"16":[0,0],"17":[0,0],"18":[0,0],"19":[0,0],"20":[0,0],"21":[0,0],"22":[0,0],"23":[0,0],"24":[0,0],"25":[0,0],"26":[0,0],"27":[0,0],"28":[0,0],"29":[0,0],"30":[0,0],"31":[0,0],"32":[0,0],"33":[0,0],"34":[0,0],"35":[0,1],"36":[0,1],"37":[0,1],"38":[0,0],"39":[0,0],"40":[0,0],"41":[0,0],"42":[0,0],"43":[0,0],"44":[0,0],"45":[0,0],"46":[0,0],"47":[0,0],"48":[0,0],"49":[0,0],"50":[1,1],"51":[0,0],"52":[0,0],"53":[0,0],"54":[0,0],"55":[0,0],"56":[0,0],"57":[0,0],"58":[0,0],"59":[0,1],"60":[1,0],"61":[0,0],"62":[1,0],"63":[0,0],"64":[0,0],"65":[0,0],"66":[2,1],"67":[1,0],"68":[0,0],"69":[0,0]},"f":{"1":2,"2":0,"3":0,"4":0,"5":0,"6":0,"7":0,"8":1,"9":0,"10":0,"11":2,"12":0,"13":0,"14":0,"15":0,"16":0,"17":0,"18":1,"19":1,"20":0,"21":3,"22":0,"23":0},"fnMap":{"1":{"name":"store_bid","line":65,"loc":{"start":{"line":65,"column":4},"end":{"line":92,"column":4}}},"2":{"name":"clear_state","line":95,"loc":{"start":{"line":95,"column":4},"end":{"line":123,"column":4}}},"3":{"name":"store_board_commitment","line":127,"loc":{"start":{"line":127,"column":4},"end":{"line":140,"column":4}}},"4":{"name":"check_one_ship","line":147,"loc":{"start":{"line":147,"column":4},"end":{"line":181,"column":4}}},"5":{"name":"claim_win","line":187,"loc":{"start":{"line":187,"column":4},"end":{"line":207,"column":4}}},"6":{"name":"forfeit","line":212,"loc":{"start":{"line":212,"column":4},"end":{"line":224,"column":4}}},"7":{"name":"accuse_cheating","line":231,"loc":{"start":{"line":231,"column":4},"end":{"line":251,"column":4}}},"8":{"name":"claim_opponent_left","line":255,"loc":{"start":{"line":255,"column":4},"end":{"line":263,"column":4}}},"9":{"name":"handle_timeout","line":268,"loc":{"start":{"line":268,"column":4},"end":{"line":284,"column":4}}},"10":{"name":"claim_timeout_winnings","line":289,"loc":{"start":{"line":289,"column":4},"end":{"line":304,"column":4}}},"11":{"name":"is_game_over","line":309,"loc":{"start":{"line":309,"column":4},"end":{"line":312,"column":4}}},"12":{"name":"get_player_hits","line":316,"loc":{"start":{"line":316,"column":4},"end":{"line":319,"column":4}}},"13":{"name":"contains_boat","line":321,"loc":{"start":{"line":321,"column":4},"end":{"line":324,"column":4}}},"14":{"name":"is_equal_to_true","line":326,"loc":{"start":{"line":326,"column":4},"end":{"line":330,"column":4}}},"15":{"name":"compareStrings","line":332,"loc":{"start":{"line":332,"column":4},"end":{"line":334,"column":4}}},"16":{"name":"is_afk","line":336,"loc":{"start":{"line":336,"column":4},"end":{"line":340,"column":4}}},"17":{"name":"response_in_time","line":342,"loc":{"start":{"line":342,"column":4},"end":{"line":349,"column":4}}},"18":{"name":"is_timer_set","line":351,"loc":{"start":{"line":351,"column":4},"end":{"line":356,"column":4}}},"19":{"name":"start_timer","line":358,"loc":{"start":{"line":358,"column":4},"end":{"line":371,"column":4}}},"20":{"name":"stop_timer","line":373,"loc":{"start":{"line":373,"column":4},"end":{"line":386,"column":4}}},"21":{"name":"address_is_valid","line":388,"loc":{"start":{"line":388,"column":4},"end":{"line":392,"column":4}}},"22":{"name":"merge_bytes32","line":394,"loc":{"start":{"line":394,"column":4},"end":{"line":401,"column":4}}},"23":{"name":"verify_opening","line":409,"loc":{"start":{"line":409,"column":4},"end":{"line":438,"column":4}}}},"statementMap":{"1":{"start":{"line":66,"column":8},"end":{"line":66,"column":43}},"2":{"start":{"line":67,"column":8},"end":{"line":67,"column":34}},"3":{"start":{"line":69,"column":8},"end":{"line":69,"column":34}},"4":{"start":{"line":69,"column":28},"end":{"line":69,"column":34}},"5":{"start":{"line":72,"column":8},"end":{"line":72,"column":1949}},"6":{"start":{"line":73,"column":12},"end":{"line":73,"column":28}},"7":{"start":{"line":74,"column":12},"end":{"line":74,"column":44}},"8":{"start":{"line":75,"column":12},"end":{"line":75,"column":35}},"9":{"start":{"line":76,"column":12},"end":{"line":76,"column":18}},"10":{"start":{"line":80,"column":8},"end":{"line":80,"column":54}},"11":{"start":{"line":80,"column":48},"end":{"line":80,"column":54}},"12":{"start":{"line":81,"column":8},"end":{"line":81,"column":44}},"13":{"start":{"line":81,"column":38},"end":{"line":81,"column":44}},"14":{"start":{"line":82,"column":8},"end":{"line":82,"column":2253}},"15":{"start":{"line":83,"column":12},"end":{"line":83,"column":56}},"16":{"start":{"line":84,"column":12},"end":{"line":84,"column":56}},"17":{"start":{"line":85,"column":12},"end":{"line":85,"column":35}},"18":{"start":{"line":88,"column":8},"end":{"line":88,"column":40}},"19":{"start":{"line":89,"column":8},"end":{"line":89,"column":31}},"20":{"start":{"line":90,"column":8},"end":{"line":90,"column":38}},"21":{"start":{"line":91,"column":8},"end":{"line":91,"column":14}},"22":{"start":{"line":96,"column":8},"end":{"line":96,"column":36}},"23":{"start":{"line":97,"column":8},"end":{"line":97,"column":36}},"24":{"start":{"line":99,"column":8},"end":{"line":99,"column":23}},"25":{"start":{"line":100,"column":8},"end":{"line":100,"column":23}},"26":{"start":{"line":101,"column":8},"end":{"line":101,"column":23}},"27":{"start":{"line":103,"column":8},"end":{"line":103,"column":26}},"28":{"start":{"line":104,"column":8},"end":{"line":104,"column":26}},"29":{"start":{"line":106,"column":8},"end":{"line":106,"column":27}},"30":{"start":{"line":107,"column":8},"end":{"line":107,"column":33}},"31":{"start":{"line":108,"column":8},"end":{"line":108,"column":31}},"32":{"start":{"line":109,"column":8},"end":{"line":109,"column":29}},"33":{"start":{"line":111,"column":8},"end":{"line":111,"column":27}},"34":{"start":{"line":112,"column":8},"end":{"line":112,"column":33}},"35":{"start":{"line":113,"column":8},"end":{"line":113,"column":31}},"36":{"start":{"line":114,"column":8},"end":{"line":114,"column":29}},"37":{"start":{"line":116,"column":8},"end":{"line":116,"column":24}},"38":{"start":{"line":119,"column":8},"end":{"line":119,"column":24}},"39":{"start":{"line":122,"column":8},"end":{"line":122,"column":39}},"40":{"start":{"line":128,"column":8},"end":{"line":128,"column":43}},"41":{"start":{"line":130,"column":8},"end":{"line":130,"column":53}},"42":{"start":{"line":130,"column":47},"end":{"line":130,"column":53}},"43":{"start":{"line":132,"column":8},"end":{"line":132,"column":3696}},"44":{"start":{"line":133,"column":12},"end":{"line":133,"column":39}},"45":{"start":{"line":134,"column":12},"end":{"line":134,"column":18}},"46":{"start":{"line":136,"column":8},"end":{"line":136,"column":3818}},"47":{"start":{"line":137,"column":12},"end":{"line":137,"column":39}},"48":{"start":{"line":138,"column":12},"end":{"line":138,"column":18}},"49":{"start":{"line":149,"column":8},"end":{"line":149,"column":43}},"50":{"start":{"line":150,"column":8},"end":{"line":150,"column":20}},"51":{"start":{"line":152,"column":8},"end":{"line":152,"column":59}},"52":{"start":{"line":152,"column":47},"end":{"line":152,"column":59}},"53":{"start":{"line":153,"column":8},"end":{"line":153,"column":50}},"54":{"start":{"line":153,"column":38},"end":{"line":153,"column":50}},"55":{"start":{"line":156,"column":8},"end":{"line":156,"column":120}},"56":{"start":{"line":156,"column":39},"end":{"line":156,"column":119}},"57":{"start":{"line":157,"column":8},"end":{"line":157,"column":120}},"58":{"start":{"line":157,"column":39},"end":{"line":157,"column":119}},"59":{"start":{"line":159,"column":8},"end":{"line":159,"column":50}},"60":{"start":{"line":162,"column":8},"end":{"line":162,"column":5069}},"61":{"start":{"line":163,"column":12},"end":{"line":163,"column":52}},"62":{"start":{"line":163,"column":41},"end":{"line":163,"column":52}},"63":{"start":{"line":164,"column":12},"end":{"line":164,"column":5191}},"64":{"start":{"line":165,"column":16},"end":{"line":165,"column":62}},"65":{"start":{"line":168,"column":12},"end":{"line":168,"column":23}},"66":{"start":{"line":172,"column":8},"end":{"line":172,"column":5435}},"67":{"start":{"line":173,"column":12},"end":{"line":173,"column":52}},"68":{"start":{"line":173,"column":41},"end":{"line":173,"column":52}},"69":{"start":{"line":174,"column":12},"end":{"line":174,"column":5557}},"70":{"start":{"line":175,"column":16},"end":{"line":175,"column":62}},"71":{"start":{"line":178,"column":12},"end":{"line":178,"column":23}},"72":{"start":{"line":180,"column":8},"end":{"line":180,"column":20}},"73":{"start":{"line":188,"column":8},"end":{"line":188,"column":43}},"74":{"start":{"line":189,"column":8},"end":{"line":189,"column":52}},"75":{"start":{"line":191,"column":8},"end":{"line":191,"column":53}},"76":{"start":{"line":191,"column":47},"end":{"line":191,"column":53}},"77":{"start":{"line":193,"column":8},"end":{"line":193,"column":6233}},"78":{"start":{"line":194,"column":12},"end":{"line":194,"column":43}},"79":{"start":{"line":194,"column":37},"end":{"line":194,"column":43}},"80":{"start":{"line":195,"column":12},"end":{"line":195,"column":61}},"81":{"start":{"line":195,"column":55},"end":{"line":195,"column":61}},"82":{"start":{"line":197,"column":8},"end":{"line":197,"column":6401}},"83":{"start":{"line":198,"column":12},"end":{"line":198,"column":43}},"84":{"start":{"line":198,"column":37},"end":{"line":198,"column":43}},"85":{"start":{"line":199,"column":12},"end":{"line":199,"column":61}},"86":{"start":{"line":199,"column":55},"end":{"line":199,"column":61}},"87":{"start":{"line":202,"column":8},"end":{"line":202,"column":51}},"88":{"start":{"line":203,"column":8},"end":{"line":203,"column":23}},"89":{"start":{"line":203,"column":26},"end":{"line":203,"column":41}},"90":{"start":{"line":204,"column":8},"end":{"line":204,"column":39}},"91":{"start":{"line":205,"column":8},"end":{"line":205,"column":20}},"92":{"start":{"line":206,"column":8},"end":{"line":206,"column":14}},"93":{"start":{"line":213,"column":8},"end":{"line":213,"column":43}},"94":{"start":{"line":214,"column":8},"end":{"line":214,"column":52}},"95":{"start":{"line":216,"column":8},"end":{"line":216,"column":53}},"96":{"start":{"line":216,"column":47},"end":{"line":216,"column":53}},"97":{"start":{"line":217,"column":8},"end":{"line":217,"column":47}},"98":{"start":{"line":217,"column":41},"end":{"line":217,"column":47}},"99":{"start":{"line":218,"column":8},"end":{"line":218,"column":46}},"100":{"start":{"line":218,"column":40},"end":{"line":218,"column":46}},"101":{"start":{"line":220,"column":8},"end":{"line":220,"column":35}},"102":{"start":{"line":221,"column":8},"end":{"line":221,"column":23}},"103":{"start":{"line":221,"column":26},"end":{"line":221,"column":41}},"104":{"start":{"line":222,"column":8},"end":{"line":222,"column":39}},"105":{"start":{"line":223,"column":8},"end":{"line":223,"column":20}},"106":{"start":{"line":233,"column":8},"end":{"line":233,"column":43}},"107":{"start":{"line":234,"column":8},"end":{"line":234,"column":20}},"108":{"start":{"line":236,"column":8},"end":{"line":236,"column":59}},"109":{"start":{"line":236,"column":47},"end":{"line":236,"column":59}},"110":{"start":{"line":237,"column":8},"end":{"line":237,"column":50}},"111":{"start":{"line":237,"column":38},"end":{"line":237,"column":50}},"112":{"start":{"line":238,"column":8},"end":{"line":238,"column":49}},"113":{"start":{"line":238,"column":37},"end":{"line":238,"column":49}},"114":{"start":{"line":240,"column":8},"end":{"line":240,"column":120}},"115":{"start":{"line":240,"column":39},"end":{"line":240,"column":119}},"116":{"start":{"line":241,"column":8},"end":{"line":241,"column":120}},"117":{"start":{"line":241,"column":39},"end":{"line":241,"column":119}},"118":{"start":{"line":243,"column":8},"end":{"line":243,"column":34}},"119":{"start":{"line":243,"column":22},"end":{"line":243,"column":34}},"120":{"start":{"line":245,"column":8},"end":{"line":245,"column":52}},"121":{"start":{"line":246,"column":8},"end":{"line":246,"column":51}},"122":{"start":{"line":247,"column":8},"end":{"line":247,"column":23}},"123":{"start":{"line":247,"column":26},"end":{"line":247,"column":41}},"124":{"start":{"line":248,"column":8},"end":{"line":248,"column":39}},"125":{"start":{"line":249,"column":8},"end":{"line":249,"column":20}},"126":{"start":{"line":250,"column":8},"end":{"line":250,"column":19}},"127":{"start":{"line":256,"column":8},"end":{"line":256,"column":43}},"128":{"start":{"line":258,"column":8},"end":{"line":258,"column":53}},"129":{"start":{"line":258,"column":47},"end":{"line":258,"column":53}},"130":{"start":{"line":259,"column":8},"end":{"line":259,"column":47}},"131":{"start":{"line":259,"column":41},"end":{"line":259,"column":47}},"132":{"start":{"line":260,"column":8},"end":{"line":260,"column":46}},"133":{"start":{"line":260,"column":40},"end":{"line":260,"column":46}},"134":{"start":{"line":261,"column":8},"end":{"line":261,"column":28}},"135":{"start":{"line":262,"column":8},"end":{"line":262,"column":47}},"136":{"start":{"line":269,"column":8},"end":{"line":269,"column":43}},"137":{"start":{"line":271,"column":8},"end":{"line":271,"column":53}},"138":{"start":{"line":271,"column":47},"end":{"line":271,"column":53}},"139":{"start":{"line":272,"column":8},"end":{"line":272,"column":47}},"140":{"start":{"line":272,"column":41},"end":{"line":272,"column":47}},"141":{"start":{"line":273,"column":8},"end":{"line":273,"column":46}},"142":{"start":{"line":273,"column":40},"end":{"line":273,"column":46}},"143":{"start":{"line":274,"column":8},"end":{"line":274,"column":49}},"144":{"start":{"line":274,"column":43},"end":{"line":274,"column":49}},"145":{"start":{"line":276,"column":8},"end":{"line":276,"column":9779}},"146":{"start":{"line":277,"column":12},"end":{"line":277,"column":37}},"147":{"start":{"line":278,"column":12},"end":{"line":278,"column":18}},"148":{"start":{"line":281,"column":8},"end":{"line":281,"column":33}},"149":{"start":{"line":282,"column":8},"end":{"line":282,"column":67}},"150":{"start":{"line":282,"column":48},"end":{"line":282,"column":66}},"151":{"start":{"line":283,"column":8},"end":{"line":283,"column":67}},"152":{"start":{"line":283,"column":48},"end":{"line":283,"column":66}},"153":{"start":{"line":290,"column":8},"end":{"line":290,"column":43}},"154":{"start":{"line":291,"column":8},"end":{"line":291,"column":52}},"155":{"start":{"line":293,"column":8},"end":{"line":293,"column":53}},"156":{"start":{"line":293,"column":47},"end":{"line":293,"column":53}},"157":{"start":{"line":294,"column":8},"end":{"line":294,"column":47}},"158":{"start":{"line":294,"column":41},"end":{"line":294,"column":47}},"159":{"start":{"line":295,"column":8},"end":{"line":295,"column":46}},"160":{"start":{"line":295,"column":40},"end":{"line":295,"column":46}},"161":{"start":{"line":297,"column":8},"end":{"line":297,"column":64}},"162":{"start":{"line":297,"column":58},"end":{"line":297,"column":64}},"163":{"start":{"line":298,"column":8},"end":{"line":298,"column":72}},"164":{"start":{"line":298,"column":66},"end":{"line":298,"column":72}},"165":{"start":{"line":300,"column":8},"end":{"line":300,"column":51}},"166":{"start":{"line":301,"column":8},"end":{"line":301,"column":23}},"167":{"start":{"line":301,"column":26},"end":{"line":301,"column":41}},"168":{"start":{"line":302,"column":8},"end":{"line":302,"column":39}},"169":{"start":{"line":303,"column":8},"end":{"line":303,"column":20}},"170":{"start":{"line":310,"column":8},"end":{"line":310,"column":58}},"171":{"start":{"line":310,"column":47},"end":{"line":310,"column":58}},"172":{"start":{"line":311,"column":8},"end":{"line":311,"column":20}},"173":{"start":{"line":317,"column":8},"end":{"line":317,"column":68}},"174":{"start":{"line":317,"column":48},"end":{"line":317,"column":68}},"175":{"start":{"line":318,"column":8},"end":{"line":318,"column":68}},"176":{"start":{"line":318,"column":48},"end":{"line":318,"column":68}},"177":{"start":{"line":322,"column":8},"end":{"line":322,"column":78}},"178":{"start":{"line":322,"column":44},"end":{"line":322,"column":78}},"179":{"start":{"line":322,"column":67},"end":{"line":322,"column":78}},"180":{"start":{"line":323,"column":8},"end":{"line":323,"column":20}},"181":{"start":{"line":327,"column":8},"end":{"line":327,"column":42}},"182":{"start":{"line":328,"column":8},"end":{"line":328,"column":57}},"183":{"start":{"line":328,"column":33},"end":{"line":328,"column":56}},"184":{"start":{"line":329,"column":8},"end":{"line":329,"column":55}},"185":{"start":{"line":333,"column":8},"end":{"line":333,"column":85}},"186":{"start":{"line":337,"column":8},"end":{"line":337,"column":67}},"187":{"start":{"line":337,"column":48},"end":{"line":337,"column":67}},"188":{"start":{"line":338,"column":8},"end":{"line":338,"column":67}},"189":{"start":{"line":338,"column":48},"end":{"line":338,"column":67}},"190":{"start":{"line":339,"column":8},"end":{"line":339,"column":20}},"191":{"start":{"line":343,"column":8},"end":{"line":343,"column":25}},"192":{"start":{"line":345,"column":8},"end":{"line":345,"column":83}},"193":{"start":{"line":345,"column":48},"end":{"line":345,"column":82}},"194":{"start":{"line":346,"column":8},"end":{"line":346,"column":83}},"195":{"start":{"line":346,"column":48},"end":{"line":346,"column":82}},"196":{"start":{"line":347,"column":8},"end":{"line":347,"column":63}},"197":{"start":{"line":347,"column":52},"end":{"line":347,"column":63}},"198":{"start":{"line":348,"column":8},"end":{"line":348,"column":20}},"199":{"start":{"line":352,"column":8},"end":{"line":352,"column":59}},"200":{"start":{"line":352,"column":47},"end":{"line":352,"column":59}},"201":{"start":{"line":353,"column":8},"end":{"line":353,"column":73}},"202":{"start":{"line":353,"column":48},"end":{"line":353,"column":73}},"203":{"start":{"line":354,"column":8},"end":{"line":354,"column":73}},"204":{"start":{"line":354,"column":48},"end":{"line":354,"column":73}},"205":{"start":{"line":355,"column":8},"end":{"line":355,"column":20}},"206":{"start":{"line":359,"column":8},"end":{"line":359,"column":13311}},"207":{"start":{"line":360,"column":12},"end":{"line":360,"column":36}},"208":{"start":{"line":361,"column":12},"end":{"line":361,"column":37}},"209":{"start":{"line":362,"column":12},"end":{"line":362,"column":49}},"210":{"start":{"line":363,"column":12},"end":{"line":363,"column":18}},"211":{"start":{"line":365,"column":8},"end":{"line":365,"column":13522}},"212":{"start":{"line":366,"column":12},"end":{"line":366,"column":36}},"213":{"start":{"line":367,"column":12},"end":{"line":367,"column":37}},"214":{"start":{"line":368,"column":12},"end":{"line":368,"column":49}},"215":{"start":{"line":369,"column":12},"end":{"line":369,"column":18}},"216":{"start":{"line":374,"column":8},"end":{"line":374,"column":13797}},"217":{"start":{"line":375,"column":12},"end":{"line":375,"column":37}},"218":{"start":{"line":376,"column":12},"end":{"line":376,"column":35}},"219":{"start":{"line":377,"column":12},"end":{"line":377,"column":33}},"220":{"start":{"line":378,"column":12},"end":{"line":378,"column":18}},"221":{"start":{"line":380,"column":8},"end":{"line":380,"column":13991}},"222":{"start":{"line":381,"column":12},"end":{"line":381,"column":37}},"223":{"start":{"line":382,"column":12},"end":{"line":382,"column":35}},"224":{"start":{"line":383,"column":12},"end":{"line":383,"column":33}},"225":{"start":{"line":384,"column":12},"end":{"line":384,"column":18}},"226":{"start":{"line":389,"column":8},"end":{"line":389,"column":59}},"227":{"start":{"line":389,"column":48},"end":{"line":389,"column":59}},"228":{"start":{"line":390,"column":8},"end":{"line":390,"column":59}},"229":{"start":{"line":390,"column":48},"end":{"line":390,"column":59}},"230":{"start":{"line":391,"column":8},"end":{"line":391,"column":20}},"231":{"start":{"line":395,"column":8},"end":{"line":395,"column":43}},"232":{"start":{"line":400,"column":8},"end":{"line":400,"column":21}},"233":{"start":{"line":410,"column":8},"end":{"line":410,"column":54}},"234":{"start":{"line":411,"column":8},"end":{"line":411,"column":47}},"235":{"start":{"line":413,"column":8},"end":{"line":413,"column":33}},"236":{"start":{"line":414,"column":8},"end":{"line":414,"column":18}},"237":{"start":{"line":416,"column":8},"end":{"line":416,"column":15437}},"238":{"start":{"line":419,"column":12},"end":{"line":419,"column":68}},"239":{"start":{"line":421,"column":12},"end":{"line":421,"column":62}},"240":{"start":{"line":423,"column":12},"end":{"line":423,"column":85}},"241":{"start":{"line":425,"column":12},"end":{"line":425,"column":95}},"242":{"start":{"line":427,"column":12},"end":{"line":427,"column":50}},"243":{"start":{"line":428,"column":12},"end":{"line":428,"column":16197}},"244":{"start":{"line":429,"column":16},"end":{"line":429,"column":91}},"245":{"start":{"line":432,"column":16},"end":{"line":432,"column":91}},"246":{"start":{"line":436,"column":8},"end":{"line":436,"column":38}}},"branchMap":{"1":{"line":69,"type":"if","locations":[{"start":{"line":69,"column":8},"end":{"line":69,"column":8}},{"start":{"line":69,"column":8},"end":{"line":69,"column":8}}]},"2":{"line":72,"type":"if","locations":[{"start":{"line":72,"column":8},"end":{"line":72,"column":8}},{"start":{"line":72,"column":8},"end":{"line":72,"column":8}}]},"3":{"line":80,"type":"if","locations":[{"start":{"line":80,"column":8},"end":{"line":80,"column":8}},{"start":{"line":80,"column":8},"end":{"line":80,"column":8}}]},"4":{"line":81,"type":"if","locations":[{"start":{"line":81,"column":8},"end":{"line":81,"column":8}},{"start":{"line":81,"column":8},"end":{"line":81,"column":8}}]},"5":{"line":82,"type":"if","locations":[{"start":{"line":82,"column":8},"end":{"line":82,"column":8}},{"start":{"line":82,"column":8},"end":{"line":82,"column":8}}]},"6":{"line":130,"type":"if","locations":[{"start":{"line":130,"column":8},"end":{"line":130,"column":8}},{"start":{"line":130,"column":8},"end":{"line":130,"column":8}}]},"7":{"line":132,"type":"if","locations":[{"start":{"line":132,"column":8},"end":{"line":132,"column":8}},{"start":{"line":132,"column":8},"end":{"line":132,"column":8}}]},"8":{"line":136,"type":"if","locations":[{"start":{"line":136,"column":8},"end":{"line":136,"column":8}},{"start":{"line":136,"column":8},"end":{"line":136,"column":8}}]},"9":{"line":152,"type":"if","locations":[{"start":{"line":152,"column":8},"end":{"line":152,"column":8}},{"start":{"line":152,"column":8},"end":{"line":152,"column":8}}]},"10":{"line":153,"type":"if","locations":[{"start":{"line":153,"column":8},"end":{"line":153,"column":8}},{"start":{"line":153,"column":8},"end":{"line":153,"column":8}}]},"11":{"line":156,"type":"if","locations":[{"start":{"line":156,"column":8},"end":{"line":156,"column":8}},{"start":{"line":156,"column":8},"end":{"line":156,"column":8}}]},"12":{"line":157,"type":"if","locations":[{"start":{"line":157,"column":8},"end":{"line":157,"column":8}},{"start":{"line":157,"column":8},"end":{"line":157,"column":8}}]},"13":{"line":162,"type":"if","locations":[{"start":{"line":162,"column":8},"end":{"line":162,"column":8}},{"start":{"line":162,"column":8},"end":{"line":162,"column":8}}]},"14":{"line":163,"type":"if","locations":[{"start":{"line":163,"column":12},"end":{"line":163,"column":12}},{"start":{"line":163,"column":12},"end":{"line":163,"column":12}}]},"15":{"line":164,"type":"if","locations":[{"start":{"line":164,"column":12},"end":{"line":164,"column":12}},{"start":{"line":164,"column":12},"end":{"line":164,"column":12}}]},"16":{"line":172,"type":"if","locations":[{"start":{"line":172,"column":8},"end":{"line":172,"column":8}},{"start":{"line":172,"column":8},"end":{"line":172,"column":8}}]},"17":{"line":173,"type":"if","locations":[{"start":{"line":173,"column":12},"end":{"line":173,"column":12}},{"start":{"line":173,"column":12},"end":{"line":173,"column":12}}]},"18":{"line":174,"type":"if","locations":[{"start":{"line":174,"column":12},"end":{"line":174,"column":12}},{"start":{"line":174,"column":12},"end":{"line":174,"column":12}}]},"19":{"line":191,"type":"if","locations":[{"start":{"line":191,"column":8},"end":{"line":191,"column":8}},{"start":{"line":191,"column":8},"end":{"line":191,"column":8}}]},"20":{"line":193,"type":"if","locations":[{"start":{"line":193,"column":8},"end":{"line":193,"column":8}},{"start":{"line":193,"column":8},"end":{"line":193,"column":8}}]},"21":{"line":194,"type":"if","locations":[{"start":{"line":194,"column":12},"end":{"line":194,"column":12}},{"start":{"line":194,"column":12},"end":{"line":194,"column":12}}]},"22":{"line":195,"type":"if","locations":[{"start":{"line":195,"column":12},"end":{"line":195,"column":12}},{"start":{"line":195,"column":12},"end":{"line":195,"column":12}}]},"23":{"line":197,"type":"if","locations":[{"start":{"line":197,"column":8},"end":{"line":197,"column":8}},{"start":{"line":197,"column":8},"end":{"line":197,"column":8}}]},"24":{"line":198,"type":"if","locations":[{"start":{"line":198,"column":12},"end":{"line":198,"column":12}},{"start":{"line":198,"column":12},"end":{"line":198,"column":12}}]},"25":{"line":199,"type":"if","locations":[{"start":{"line":199,"column":12},"end":{"line":199,"column":12}},{"start":{"line":199,"column":12},"end":{"line":199,"column":12}}]},"26":{"line":216,"type":"if","locations":[{"start":{"line":216,"column":8},"end":{"line":216,"column":8}},{"start":{"line":216,"column":8},"end":{"line":216,"column":8}}]},"27":{"line":217,"type":"if","locations":[{"start":{"line":217,"column":8},"end":{"line":217,"column":8}},{"start":{"line":217,"column":8},"end":{"line":217,"column":8}}]},"28":{"line":218,"type":"if","locations":[{"start":{"line":218,"column":8},"end":{"line":218,"column":8}},{"start":{"line":218,"column":8},"end":{"line":218,"column":8}}]},"29":{"line":236,"type":"if","locations":[{"start":{"line":236,"column":8},"end":{"line":236,"column":8}},{"start":{"line":236,"column":8},"end":{"line":236,"column":8}}]},"30":{"line":237,"type":"if","locations":[{"start":{"line":237,"column":8},"end":{"line":237,"column":8}},{"start":{"line":237,"column":8},"end":{"line":237,"column":8}}]},"31":{"line":238,"type":"if","locations":[{"start":{"line":238,"column":8},"end":{"line":238,"column":8}},{"start":{"line":238,"column":8},"end":{"line":238,"column":8}}]},"32":{"line":240,"type":"if","locations":[{"start":{"line":240,"column":8},"end":{"line":240,"column":8}},{"start":{"line":240,"column":8},"end":{"line":240,"column":8}}]},"33":{"line":241,"type":"if","locations":[{"start":{"line":241,"column":8},"end":{"line":241,"column":8}},{"start":{"line":241,"column":8},"end":{"line":241,"column":8}}]},"34":{"line":243,"type":"if","locations":[{"start":{"line":243,"column":8},"end":{"line":243,"column":8}},{"start":{"line":243,"column":8},"end":{"line":243,"column":8}}]},"35":{"line":258,"type":"if","locations":[{"start":{"line":258,"column":8},"end":{"line":258,"column":8}},{"start":{"line":258,"column":8},"end":{"line":258,"column":8}}]},"36":{"line":259,"type":"if","locations":[{"start":{"line":259,"column":8},"end":{"line":259,"column":8}},{"start":{"line":259,"column":8},"end":{"line":259,"column":8}}]},"37":{"line":260,"type":"if","locations":[{"start":{"line":260,"column":8},"end":{"line":260,"column":8}},{"start":{"line":260,"column":8},"end":{"line":260,"column":8}}]},"38":{"line":271,"type":"if","locations":[{"start":{"line":271,"column":8},"end":{"line":271,"column":8}},{"start":{"line":271,"column":8},"end":{"line":271,"column":8}}]},"39":{"line":272,"type":"if","locations":[{"start":{"line":272,"column":8},"end":{"line":272,"column":8}},{"start":{"line":272,"column":8},"end":{"line":272,"column":8}}]},"40":{"line":273,"type":"if","locations":[{"start":{"line":273,"column":8},"end":{"line":273,"column":8}},{"start":{"line":273,"column":8},"end":{"line":273,"column":8}}]},"41":{"line":274,"type":"if","locations":[{"start":{"line":274,"column":8},"end":{"line":274,"column":8}},{"start":{"line":274,"column":8},"end":{"line":274,"column":8}}]},"42":{"line":276,"type":"if","locations":[{"start":{"line":276,"column":8},"end":{"line":276,"column":8}},{"start":{"line":276,"column":8},"end":{"line":276,"column":8}}]},"43":{"line":282,"type":"if","locations":[{"start":{"line":282,"column":8},"end":{"line":282,"column":8}},{"start":{"line":282,"column":8},"end":{"line":282,"column":8}}]},"44":{"line":283,"type":"if","locations":[{"start":{"line":283,"column":8},"end":{"line":283,"column":8}},{"start":{"line":283,"column":8},"end":{"line":283,"column":8}}]},"45":{"line":293,"type":"if","locations":[{"start":{"line":293,"column":8},"end":{"line":293,"column":8}},{"start":{"line":293,"column":8},"end":{"line":293,"column":8}}]},"46":{"line":294,"type":"if","locations":[{"start":{"line":294,"column":8},"end":{"line":294,"column":8}},{"start":{"line":294,"column":8},"end":{"line":294,"column":8}}]},"47":{"line":295,"type":"if","locations":[{"start":{"line":295,"column":8},"end":{"line":295,"column":8}},{"start":{"line":295,"column":8},"end":{"line":295,"column":8}}]},"48":{"line":297,"type":"if","locations":[{"start":{"line":297,"column":8},"end":{"line":297,"column":8}},{"start":{"line":297,"column":8},"end":{"line":297,"column":8}}]},"49":{"line":298,"type":"if","locations":[{"start":{"line":298,"column":8},"end":{"line":298,"column":8}},{"start":{"line":298,"column":8},"end":{"line":298,"column":8}}]},"50":{"line":310,"type":"if","locations":[{"start":{"line":310,"column":8},"end":{"line":310,"column":8}},{"start":{"line":310,"column":8},"end":{"line":310,"column":8}}]},"51":{"line":317,"type":"if","locations":[{"start":{"line":317,"column":8},"end":{"line":317,"column":8}},{"start":{"line":317,"column":8},"end":{"line":317,"column":8}}]},"52":{"line":318,"type":"if","locations":[{"start":{"line":318,"column":8},"end":{"line":318,"column":8}},{"start":{"line":318,"column":8},"end":{"line":318,"column":8}}]},"53":{"line":322,"type":"if","locations":[{"start":{"line":322,"column":44},"end":{"line":322,"column":44}},{"start":{"line":322,"column":44},"end":{"line":322,"column":44}}]},"54":{"line":337,"type":"if","locations":[{"start":{"line":337,"column":8},"end":{"line":337,"column":8}},{"start":{"line":337,"column":8},"end":{"line":337,"column":8}}]},"55":{"line":338,"type":"if","locations":[{"start":{"line":338,"column":8},"end":{"line":338,"column":8}},{"start":{"line":338,"column":8},"end":{"line":338,"column":8}}]},"56":{"line":345,"type":"if","locations":[{"start":{"line":345,"column":8},"end":{"line":345,"column":8}},{"start":{"line":345,"column":8},"end":{"line":345,"column":8}}]},"57":{"line":346,"type":"if","locations":[{"start":{"line":346,"column":8},"end":{"line":346,"column":8}},{"start":{"line":346,"column":8},"end":{"line":346,"column":8}}]},"58":{"line":347,"type":"if","locations":[{"start":{"line":347,"column":8},"end":{"line":347,"column":8}},{"start":{"line":347,"column":8},"end":{"line":347,"column":8}}]},"59":{"line":352,"type":"if","locations":[{"start":{"line":352,"column":8},"end":{"line":352,"column":8}},{"start":{"line":352,"column":8},"end":{"line":352,"column":8}}]},"60":{"line":353,"type":"if","locations":[{"start":{"line":353,"column":8},"end":{"line":353,"column":8}},{"start":{"line":353,"column":8},"end":{"line":353,"column":8}}]},"61":{"line":354,"type":"if","locations":[{"start":{"line":354,"column":8},"end":{"line":354,"column":8}},{"start":{"line":354,"column":8},"end":{"line":354,"column":8}}]},"62":{"line":359,"type":"if","locations":[{"start":{"line":359,"column":8},"end":{"line":359,"column":8}},{"start":{"line":359,"column":8},"end":{"line":359,"column":8}}]},"63":{"line":365,"type":"if","locations":[{"start":{"line":365,"column":8},"end":{"line":365,"column":8}},{"start":{"line":365,"column":8},"end":{"line":365,"column":8}}]},"64":{"line":374,"type":"if","locations":[{"start":{"line":374,"column":8},"end":{"line":374,"column":8}},{"start":{"line":374,"column":8},"end":{"line":374,"column":8}}]},"65":{"line":380,"type":"if","locations":[{"start":{"line":380,"column":8},"end":{"line":380,"column":8}},{"start":{"line":380,"column":8},"end":{"line":380,"column":8}}]},"66":{"line":389,"type":"if","locations":[{"start":{"line":389,"column":8},"end":{"line":389,"column":8}},{"start":{"line":389,"column":8},"end":{"line":389,"column":8}}]},"67":{"line":390,"type":"if","locations":[{"start":{"line":390,"column":8},"end":{"line":390,"column":8}},{"start":{"line":390,"column":8},"end":{"line":390,"column":8}}]},"68":{"line":427,"type":"if","locations":[{"start":{"line":427,"column":12},"end":{"line":427,"column":12}},{"start":{"line":427,"column":12},"end":{"line":427,"column":12}}]},"69":{"line":428,"type":"if","locations":[{"start":{"line":428,"column":12},"end":{"line":428,"column":12}},{"start":{"line":428,"column":12},"end":{"line":428,"column":12}}]}}}}
