TN:
SF:C:\Users\Dzinak\Documents\FIIT\6. Semester\DMBLOCK\Zadania\Zadanie 2\src\contracts\contract_starter.sol
FN:65,store_bid
FN:95,clear_state
FN:127,store_board_commitment
FN:147,check_one_ship
FN:187,claim_win
FN:212,forfeit
FN:231,accuse_cheating
FN:255,claim_opponent_left
FN:268,handle_timeout
FN:289,claim_timeout_winnings
FN:309,is_game_over
FN:316,get_player_hits
FN:321,contains_boat
FN:326,is_equal_to_true
FN:332,compareStrings
FN:336,is_afk
FN:342,response_in_time
FN:351,is_timer_set
FN:358,start_timer
FN:373,stop_timer
FN:388,address_is_valid
FN:394,merge_bytes32
FN:409,verify_opening
FNF:23
FNH:6
FNDA:2,store_bid
FNDA:0,clear_state
FNDA:0,store_board_commitment
FNDA:0,check_one_ship
FNDA:0,claim_win
FNDA:0,forfeit
FNDA:0,accuse_cheating
FNDA:1,claim_opponent_left
FNDA:0,handle_timeout
FNDA:0,claim_timeout_winnings
FNDA:2,is_game_over
FNDA:0,get_player_hits
FNDA:0,contains_boat
FNDA:0,is_equal_to_true
FNDA:0,compareStrings
FNDA:0,is_afk
FNDA:0,response_in_time
FNDA:1,is_timer_set
FNDA:1,start_timer
FNDA:0,stop_timer
FNDA:3,address_is_valid
FNDA:0,merge_bytes32
FNDA:0,verify_opening
DA:66,2
DA:67,2
DA:69,2
DA:72,2
DA:73,1
DA:74,1
DA:75,1
DA:76,1
DA:80,1
DA:81,1
DA:82,1
DA:83,0
DA:84,0
DA:85,0
DA:88,1
DA:89,1
DA:90,1
DA:91,1
DA:96,0
DA:97,0
DA:99,0
DA:100,0
DA:101,0
DA:103,0
DA:104,0
DA:106,0
DA:107,0
DA:108,0
DA:109,0
DA:111,0
DA:112,0
DA:113,0
DA:114,0
DA:116,0
DA:117,0
DA:119,0
DA:120,0
DA:122,0
DA:128,0
DA:130,0
DA:132,0
DA:133,0
DA:134,0
DA:136,0
DA:137,0
DA:138,0
DA:149,0
DA:150,0
DA:152,0
DA:153,0
DA:156,0
DA:157,0
DA:159,0
DA:162,0
DA:163,0
DA:164,0
DA:165,0
DA:166,0
DA:168,0
DA:172,0
DA:173,0
DA:174,0
DA:175,0
DA:176,0
DA:178,0
DA:180,0
DA:188,0
DA:189,0
DA:191,0
DA:193,0
DA:194,0
DA:195,0
DA:197,0
DA:198,0
DA:199,0
DA:202,0
DA:204,0
DA:205,0
DA:206,0
DA:213,0
DA:214,0
DA:216,0
DA:217,0
DA:218,0
DA:220,0
DA:222,0
DA:223,0
DA:233,0
DA:234,0
DA:236,0
DA:237,0
DA:238,0
DA:240,0
DA:241,0
DA:243,0
DA:245,0
DA:246,0
DA:248,0
DA:249,0
DA:250,0
DA:256,1
DA:258,1
DA:259,1
DA:260,1
DA:261,1
DA:262,1
DA:269,0
DA:271,0
DA:272,0
DA:273,0
DA:274,0
DA:276,0
DA:277,0
DA:278,0
DA:281,0
DA:282,0
DA:283,0
DA:290,0
DA:291,0
DA:293,0
DA:294,0
DA:295,0
DA:297,0
DA:298,0
DA:300,0
DA:302,0
DA:303,0
DA:310,2
DA:311,1
DA:317,0
DA:318,0
DA:322,0
DA:323,0
DA:327,0
DA:328,0
DA:329,0
DA:333,0
DA:337,0
DA:338,0
DA:339,0
DA:343,0
DA:345,0
DA:346,0
DA:347,0
DA:348,0
DA:352,1
DA:353,1
DA:354,0
DA:355,0
DA:359,1
DA:360,1
DA:361,1
DA:362,1
DA:363,1
DA:365,0
DA:366,0
DA:367,0
DA:368,0
DA:369,0
DA:374,0
DA:375,0
DA:376,0
DA:377,0
DA:378,0
DA:380,0
DA:381,0
DA:382,0
DA:383,0
DA:384,0
DA:389,3
DA:390,1
DA:391,0
DA:395,0
DA:396,0
DA:400,0
DA:410,0
DA:411,0
DA:413,0
DA:414,0
DA:416,0
DA:419,0
DA:421,0
DA:423,0
DA:425,0
DA:426,0
DA:427,0
DA:428,0
DA:429,0
DA:430,0
DA:432,0
DA:433,0
DA:436,0
LF:192
LH:32
BRDA:69,1,0,0
BRDA:69,1,1,2
BRDA:72,2,0,1
BRDA:72,2,1,1
BRDA:80,3,0,0
BRDA:80,3,1,1
BRDA:81,4,0,0
BRDA:81,4,1,1
BRDA:82,5,0,0
BRDA:82,5,1,1
BRDA:130,6,0,0
BRDA:130,6,1,0
BRDA:132,7,0,0
BRDA:132,7,1,0
BRDA:136,8,0,0
BRDA:136,8,1,0
BRDA:152,9,0,0
BRDA:152,9,1,0
BRDA:153,10,0,0
BRDA:153,10,1,0
BRDA:156,11,0,0
BRDA:156,11,1,0
BRDA:157,12,0,0
BRDA:157,12,1,0
BRDA:162,13,0,0
BRDA:162,13,1,0
BRDA:163,14,0,0
BRDA:163,14,1,0
BRDA:164,15,0,0
BRDA:164,15,1,0
BRDA:172,16,0,0
BRDA:172,16,1,0
BRDA:173,17,0,0
BRDA:173,17,1,0
BRDA:174,18,0,0
BRDA:174,18,1,0
BRDA:191,19,0,0
BRDA:191,19,1,0
BRDA:193,20,0,0
BRDA:193,20,1,0
BRDA:194,21,0,0
BRDA:194,21,1,0
BRDA:195,22,0,0
BRDA:195,22,1,0
BRDA:197,23,0,0
BRDA:197,23,1,0
BRDA:198,24,0,0
BRDA:198,24,1,0
BRDA:199,25,0,0
BRDA:199,25,1,0
BRDA:216,26,0,0
BRDA:216,26,1,0
BRDA:217,27,0,0
BRDA:217,27,1,0
BRDA:218,28,0,0
BRDA:218,28,1,0
BRDA:236,29,0,0
BRDA:236,29,1,0
BRDA:237,30,0,0
BRDA:237,30,1,0
BRDA:238,31,0,0
BRDA:238,31,1,0
BRDA:240,32,0,0
BRDA:240,32,1,0
BRDA:241,33,0,0
BRDA:241,33,1,0
BRDA:243,34,0,0
BRDA:243,34,1,0
BRDA:258,35,0,0
BRDA:258,35,1,1
BRDA:259,36,0,0
BRDA:259,36,1,1
BRDA:260,37,0,0
BRDA:260,37,1,1
BRDA:271,38,0,0
BRDA:271,38,1,0
BRDA:272,39,0,0
BRDA:272,39,1,0
BRDA:273,40,0,0
BRDA:273,40,1,0
BRDA:274,41,0,0
BRDA:274,41,1,0
BRDA:276,42,0,0
BRDA:276,42,1,0
BRDA:282,43,0,0
BRDA:282,43,1,0
BRDA:283,44,0,0
BRDA:283,44,1,0
BRDA:293,45,0,0
BRDA:293,45,1,0
BRDA:294,46,0,0
BRDA:294,46,1,0
BRDA:295,47,0,0
BRDA:295,47,1,0
BRDA:297,48,0,0
BRDA:297,48,1,0
BRDA:298,49,0,0
BRDA:298,49,1,0
BRDA:310,50,0,1
BRDA:310,50,1,1
BRDA:317,51,0,0
BRDA:317,51,1,0
BRDA:318,52,0,0
BRDA:318,52,1,0
BRDA:322,53,0,0
BRDA:322,53,1,0
BRDA:337,54,0,0
BRDA:337,54,1,0
BRDA:338,55,0,0
BRDA:338,55,1,0
BRDA:345,56,0,0
BRDA:345,56,1,0
BRDA:346,57,0,0
BRDA:346,57,1,0
BRDA:347,58,0,0
BRDA:347,58,1,0
BRDA:352,59,0,0
BRDA:352,59,1,1
BRDA:353,60,0,1
BRDA:353,60,1,0
BRDA:354,61,0,0
BRDA:354,61,1,0
BRDA:359,62,0,1
BRDA:359,62,1,0
BRDA:365,63,0,0
BRDA:365,63,1,0
BRDA:374,64,0,0
BRDA:374,64,1,0
BRDA:380,65,0,0
BRDA:380,65,1,0
BRDA:389,66,0,2
BRDA:389,66,1,1
BRDA:390,67,0,1
BRDA:390,67,1,0
BRDA:427,68,0,0
BRDA:427,68,1,0
BRDA:428,69,0,0
BRDA:428,69,1,0
BRF:138
BRH:17
end_of_record
